E:\Task\AngularApi\Angular\devramp\dist\out-tsc\e2e\src\app.po.js
E:\Task\AngularApi\Angular\devramp\dist\out-tsc\e2e\src\app.po.js.map
E:\Task\AngularApi\Angular\devramp\dist\out-tsc\e2e\src\app.e2e-spec.js
E:\Task\AngularApi\Angular\devramp\dist\out-tsc\e2e\src\app.e2e-spec.js.map
E:\Task\AngularApi\Angular\devramp\dist\out-tsc\src\app\user\user.component.js
E:\Task\AngularApi\Angular\devramp\dist\out-tsc\src\app\user\user.component.js.map
E:\Task\AngularApi\Angular\devramp\dist\out-tsc\src\app\shared\user.service.js
E:\Task\AngularApi\Angular\devramp\dist\out-tsc\src\app\shared\user.service.js.map
E:\Task\AngularApi\Angular\devramp\dist\out-tsc\src\app\user\sign-up\sign-up.component.js
E:\Task\AngularApi\Angular\devramp\dist\out-tsc\src\app\user\sign-up\sign-up.component.js.map
E:\Task\AngularApi\Angular\devramp\dist\out-tsc\src\app\user\sign-in\sign-in.component.js
E:\Task\AngularApi\Angular\devramp\dist\out-tsc\src\app\user\sign-in\sign-in.component.js.map
E:\Task\AngularApi\Angular\devramp\dist\out-tsc\src\app\home\home.component.js
E:\Task\AngularApi\Angular\devramp\dist\out-tsc\src\app\home\home.component.js.map
E:\Task\AngularApi\Angular\devramp\dist\out-tsc\src\app\auth\auth.guard.js
E:\Task\AngularApi\Angular\devramp\dist\out-tsc\src\app\auth\auth.guard.js.map
E:\Task\AngularApi\Angular\devramp\dist\out-tsc\src\app\forbidden\forbidden.component.js
E:\Task\AngularApi\Angular\devramp\dist\out-tsc\src\app\forbidden\forbidden.component.js.map
E:\Task\AngularApi\Angular\devramp\dist\out-tsc\src\app\admin-panel\admin-panel.component.js
E:\Task\AngularApi\Angular\devramp\dist\out-tsc\src\app\admin-panel\admin-panel.component.js.map
E:\Task\AngularApi\Angular\devramp\dist\out-tsc\src\app\item-details\item-details.component.js
E:\Task\AngularApi\Angular\devramp\dist\out-tsc\src\app\item-details\item-details.component.js.map
E:\Task\AngularApi\Angular\devramp\dist\out-tsc\src\app\shared\item-detail.model.js
E:\Task\AngularApi\Angular\devramp\dist\out-tsc\src\app\shared\item-detail.model.js.map
E:\Task\AngularApi\Angular\devramp\dist\out-tsc\src\app\shared\item-detail.service.js
E:\Task\AngularApi\Angular\devramp\dist\out-tsc\src\app\shared\item-detail.service.js.map
E:\Task\AngularApi\Angular\devramp\dist\out-tsc\src\app\item-details\item-detail\item-detail.component.js
E:\Task\AngularApi\Angular\devramp\dist\out-tsc\src\app\item-details\item-detail\item-detail.component.js.map
E:\Task\AngularApi\Angular\devramp\dist\out-tsc\src\app\putup-details\putup-details.component.js
E:\Task\AngularApi\Angular\devramp\dist\out-tsc\src\app\putup-details\putup-details.component.js.map
E:\Task\AngularApi\Angular\devramp\dist\out-tsc\src\app\shared\putup-detail.model.js
E:\Task\AngularApi\Angular\devramp\dist\out-tsc\src\app\shared\putup-detail.model.js.map
E:\Task\AngularApi\Angular\devramp\dist\out-tsc\src\app\shared\putup-detail.service.js
E:\Task\AngularApi\Angular\devramp\dist\out-tsc\src\app\shared\putup-detail.service.js.map
E:\Task\AngularApi\Angular\devramp\dist\out-tsc\src\app\putup-details\putup-detail\putup-detail.component.js
E:\Task\AngularApi\Angular\devramp\dist\out-tsc\src\app\putup-details\putup-detail\putup-detail.component.js.map
E:\Task\AngularApi\Angular\devramp\dist\out-tsc\src\app\unit-details\unit-details.component.js
E:\Task\AngularApi\Angular\devramp\dist\out-tsc\src\app\unit-details\unit-details.component.js.map
E:\Task\AngularApi\Angular\devramp\dist\out-tsc\src\app\shared\unit-detail.model.js
E:\Task\AngularApi\Angular\devramp\dist\out-tsc\src\app\shared\unit-detail.model.js.map
E:\Task\AngularApi\Angular\devramp\dist\out-tsc\src\app\shared\unit-detail.service.js
E:\Task\AngularApi\Angular\devramp\dist\out-tsc\src\app\shared\unit-detail.service.js.map
E:\Task\AngularApi\Angular\devramp\dist\out-tsc\src\app\unit-details\unit-detail\unit-detail.component.js
E:\Task\AngularApi\Angular\devramp\dist\out-tsc\src\app\unit-details\unit-detail\unit-detail.component.js.map
E:\Task\AngularApi\Angular\devramp\dist\out-tsc\src\app\department-details\department-details.component.js
E:\Task\AngularApi\Angular\devramp\dist\out-tsc\src\app\department-details\department-details.component.js.map
E:\Task\AngularApi\Angular\devramp\dist\out-tsc\src\app\shared\department-detail.model.js
E:\Task\AngularApi\Angular\devramp\dist\out-tsc\src\app\shared\department-detail.model.js.map
E:\Task\AngularApi\Angular\devramp\dist\out-tsc\src\app\shared\department-detail.service.js
E:\Task\AngularApi\Angular\devramp\dist\out-tsc\src\app\shared\department-detail.service.js.map
E:\Task\AngularApi\Angular\devramp\dist\out-tsc\src\app\department-details\department-detail\department-detail.component.js
E:\Task\AngularApi\Angular\devramp\dist\out-tsc\src\app\department-details\department-detail\department-detail.component.js.map
E:\Task\AngularApi\Angular\devramp\dist\out-tsc\src\app\staff-details\staff-details.component.js
E:\Task\AngularApi\Angular\devramp\dist\out-tsc\src\app\staff-details\staff-details.component.js.map
E:\Task\AngularApi\Angular\devramp\dist\out-tsc\src\app\staff-details\staff-detail\staff-detail.component.js
E:\Task\AngularApi\Angular\devramp\dist\out-tsc\src\app\staff-details\staff-detail\staff-detail.component.js.map
E:\Task\AngularApi\Angular\devramp\dist\out-tsc\src\app\app-routing.module.js
E:\Task\AngularApi\Angular\devramp\dist\out-tsc\src\app\app-routing.module.js.map
E:\Task\AngularApi\Angular\devramp\dist\out-tsc\src\app\app.component.js
E:\Task\AngularApi\Angular\devramp\dist\out-tsc\src\app\app.component.js.map
E:\Task\AngularApi\Angular\devramp\dist\out-tsc\src\app\auth\auth.interceptor.js
E:\Task\AngularApi\Angular\devramp\dist\out-tsc\src\app\auth\auth.interceptor.js.map
E:\Task\AngularApi\Angular\devramp\dist\out-tsc\src\app\item-details\item-detail-list\item-detail-list.component.js
E:\Task\AngularApi\Angular\devramp\dist\out-tsc\src\app\item-details\item-detail-list\item-detail-list.component.js.map
E:\Task\AngularApi\Angular\devramp\dist\out-tsc\src\app\putup-details\putup-detail-list\putup-detail-list.component.js
E:\Task\AngularApi\Angular\devramp\dist\out-tsc\src\app\putup-details\putup-detail-list\putup-detail-list.component.js.map
E:\Task\AngularApi\Angular\devramp\dist\out-tsc\src\app\unit-details\unit-detail-list\unit-detail-list.component.js
E:\Task\AngularApi\Angular\devramp\dist\out-tsc\src\app\unit-details\unit-detail-list\unit-detail-list.component.js.map
E:\Task\AngularApi\Angular\devramp\dist\out-tsc\src\app\department-details\department-detail-list\department-detail-list.component.js
E:\Task\AngularApi\Angular\devramp\dist\out-tsc\src\app\department-details\department-detail-list\department-detail-list.component.js.map
E:\Task\AngularApi\Angular\devramp\dist\out-tsc\src\app\shared\staff-detail.model.js
E:\Task\AngularApi\Angular\devramp\dist\out-tsc\src\app\shared\staff-detail.model.js.map
E:\Task\AngularApi\Angular\devramp\dist\out-tsc\src\app\shared\staff-detail.service.js
E:\Task\AngularApi\Angular\devramp\dist\out-tsc\src\app\shared\staff-detail.service.js.map
E:\Task\AngularApi\Angular\devramp\dist\out-tsc\src\app\staff-details\staff-detail-list\staff-detail-list.component.js
E:\Task\AngularApi\Angular\devramp\dist\out-tsc\src\app\staff-details\staff-detail-list\staff-detail-list.component.js.map
E:\Task\AngularApi\Angular\devramp\dist\out-tsc\src\app\app.module.js
E:\Task\AngularApi\Angular\devramp\dist\out-tsc\src\app\app.module.js.map
E:\Task\AngularApi\Angular\devramp\dist\out-tsc\src\environments\environment.js
E:\Task\AngularApi\Angular\devramp\dist\out-tsc\src\environments\environment.js.map
E:\Task\AngularApi\Angular\devramp\dist\out-tsc\src\main.js
E:\Task\AngularApi\Angular\devramp\dist\out-tsc\src\main.js.map
E:\Task\AngularApi\Angular\devramp\dist\out-tsc\src\polyfills.js
E:\Task\AngularApi\Angular\devramp\dist\out-tsc\src\polyfills.js.map
E:\Task\AngularApi\Angular\devramp\dist\out-tsc\src\test.js
E:\Task\AngularApi\Angular\devramp\dist\out-tsc\src\test.js.map
E:\Task\AngularApi\Angular\devramp\dist\out-tsc\src\app\app.component.spec.js
E:\Task\AngularApi\Angular\devramp\dist\out-tsc\src\app\app.component.spec.js.map
E:\Task\AngularApi\Angular\devramp\dist\out-tsc\src\app\admin-panel\admin-panel.component.spec.js
E:\Task\AngularApi\Angular\devramp\dist\out-tsc\src\app\admin-panel\admin-panel.component.spec.js.map
E:\Task\AngularApi\Angular\devramp\dist\out-tsc\src\app\auth\auth.guard.spec.js
E:\Task\AngularApi\Angular\devramp\dist\out-tsc\src\app\auth\auth.guard.spec.js.map
E:\Task\AngularApi\Angular\devramp\dist\out-tsc\src\app\forbidden\forbidden.component.spec.js
E:\Task\AngularApi\Angular\devramp\dist\out-tsc\src\app\forbidden\forbidden.component.spec.js.map
E:\Task\AngularApi\Angular\devramp\dist\out-tsc\src\app\home\home.component.spec.js
E:\Task\AngularApi\Angular\devramp\dist\out-tsc\src\app\home\home.component.spec.js.map
E:\Task\AngularApi\Angular\devramp\dist\out-tsc\src\app\shared\item-detail.model.spec.js
E:\Task\AngularApi\Angular\devramp\dist\out-tsc\src\app\shared\item-detail.model.spec.js.map
E:\Task\AngularApi\Angular\devramp\dist\out-tsc\src\app\shared\user.model.js
E:\Task\AngularApi\Angular\devramp\dist\out-tsc\src\app\shared\user.model.js.map
E:\Task\AngularApi\Angular\devramp\dist\out-tsc\src\app\shared\user.model.spec.js
E:\Task\AngularApi\Angular\devramp\dist\out-tsc\src\app\shared\user.model.spec.js.map
E:\Task\AngularApi\Angular\devramp\dist\out-tsc\src\app\shared\user.service.spec.js
E:\Task\AngularApi\Angular\devramp\dist\out-tsc\src\app\shared\user.service.spec.js.map
E:\Task\AngularApi\Angular\devramp\dist\out-tsc\src\app\user\user.component.spec.js
E:\Task\AngularApi\Angular\devramp\dist\out-tsc\src\app\user\user.component.spec.js.map
E:\Task\AngularApi\Angular\devramp\dist\out-tsc\src\app\user\sign-in\sign-in.component.spec.js
E:\Task\AngularApi\Angular\devramp\dist\out-tsc\src\app\user\sign-in\sign-in.component.spec.js.map
E:\Task\AngularApi\Angular\devramp\dist\out-tsc\src\app\user\sign-up\sign-up.component.spec.js
E:\Task\AngularApi\Angular\devramp\dist\out-tsc\src\app\user\sign-up\sign-up.component.spec.js.map
E:\Task\AngularApi\Angular\devramp\dist\out-tsc\src\environments\environment.prod.js
E:\Task\AngularApi\Angular\devramp\dist\out-tsc\src\environments\environment.prod.js.map
