D:\E Drive Backup\Task\AngularApi\Angular\devramp\dist\out-tsc\e2e\src\app.po.js
D:\E Drive Backup\Task\AngularApi\Angular\devramp\dist\out-tsc\e2e\src\app.po.js.map
D:\E Drive Backup\Task\AngularApi\Angular\devramp\dist\out-tsc\e2e\src\app.e2e-spec.js
D:\E Drive Backup\Task\AngularApi\Angular\devramp\dist\out-tsc\e2e\src\app.e2e-spec.js.map
D:\E Drive Backup\Task\AngularApi\Angular\devramp\dist\out-tsc\src\app\shared\user.service.js
D:\E Drive Backup\Task\AngularApi\Angular\devramp\dist\out-tsc\src\app\shared\user.service.js.map
D:\E Drive Backup\Task\AngularApi\Angular\devramp\dist\out-tsc\src\app\home\home.component.js
D:\E Drive Backup\Task\AngularApi\Angular\devramp\dist\out-tsc\src\app\home\home.component.js.map
D:\E Drive Backup\Task\AngularApi\Angular\devramp\dist\out-tsc\src\app\auth\auth.guard.js
D:\E Drive Backup\Task\AngularApi\Angular\devramp\dist\out-tsc\src\app\auth\auth.guard.js.map
D:\E Drive Backup\Task\AngularApi\Angular\devramp\dist\out-tsc\src\app\forbidden\forbidden.component.js
D:\E Drive Backup\Task\AngularApi\Angular\devramp\dist\out-tsc\src\app\forbidden\forbidden.component.js.map
D:\E Drive Backup\Task\AngularApi\Angular\devramp\dist\out-tsc\src\app\admin-panel\admin-panel.component.js
D:\E Drive Backup\Task\AngularApi\Angular\devramp\dist\out-tsc\src\app\admin-panel\admin-panel.component.js.map
D:\E Drive Backup\Task\AngularApi\Angular\devramp\dist\out-tsc\src\app\unit-details\unit-details.component.js
D:\E Drive Backup\Task\AngularApi\Angular\devramp\dist\out-tsc\src\app\unit-details\unit-details.component.js.map
D:\E Drive Backup\Task\AngularApi\Angular\devramp\dist\out-tsc\src\app\shared\unit-detail.model.js
D:\E Drive Backup\Task\AngularApi\Angular\devramp\dist\out-tsc\src\app\shared\unit-detail.model.js.map
D:\E Drive Backup\Task\AngularApi\Angular\devramp\dist\out-tsc\src\app\shared\unit-detail.service.js
D:\E Drive Backup\Task\AngularApi\Angular\devramp\dist\out-tsc\src\app\shared\unit-detail.service.js.map
D:\E Drive Backup\Task\AngularApi\Angular\devramp\dist\out-tsc\src\app\unit-details\unit-detail\unit-detail.component.js
D:\E Drive Backup\Task\AngularApi\Angular\devramp\dist\out-tsc\src\app\unit-details\unit-detail\unit-detail.component.js.map
D:\E Drive Backup\Task\AngularApi\Angular\devramp\dist\out-tsc\src\app\department-details\department-details.component.js
D:\E Drive Backup\Task\AngularApi\Angular\devramp\dist\out-tsc\src\app\department-details\department-details.component.js.map
D:\E Drive Backup\Task\AngularApi\Angular\devramp\dist\out-tsc\src\app\shared\department-detail.model.js
D:\E Drive Backup\Task\AngularApi\Angular\devramp\dist\out-tsc\src\app\shared\department-detail.model.js.map
D:\E Drive Backup\Task\AngularApi\Angular\devramp\dist\out-tsc\src\app\shared\department-detail.service.js
D:\E Drive Backup\Task\AngularApi\Angular\devramp\dist\out-tsc\src\app\shared\department-detail.service.js.map
D:\E Drive Backup\Task\AngularApi\Angular\devramp\dist\out-tsc\src\app\department-details\department-detail\department-detail.component.js
D:\E Drive Backup\Task\AngularApi\Angular\devramp\dist\out-tsc\src\app\department-details\department-detail\department-detail.component.js.map
D:\E Drive Backup\Task\AngularApi\Angular\devramp\dist\out-tsc\src\app\staff-details\staff-details.component.js
D:\E Drive Backup\Task\AngularApi\Angular\devramp\dist\out-tsc\src\app\staff-details\staff-details.component.js.map
D:\E Drive Backup\Task\AngularApi\Angular\devramp\dist\out-tsc\src\app\shared\staff-detail.model.js
D:\E Drive Backup\Task\AngularApi\Angular\devramp\dist\out-tsc\src\app\shared\staff-detail.model.js.map
D:\E Drive Backup\Task\AngularApi\Angular\devramp\dist\out-tsc\src\app\shared\staff-detail.service.js
D:\E Drive Backup\Task\AngularApi\Angular\devramp\dist\out-tsc\src\app\shared\staff-detail.service.js.map
D:\E Drive Backup\Task\AngularApi\Angular\devramp\dist\out-tsc\src\app\staff-details\staff-detail\staff-detail.component.js
D:\E Drive Backup\Task\AngularApi\Angular\devramp\dist\out-tsc\src\app\staff-details\staff-detail\staff-detail.component.js.map
D:\E Drive Backup\Task\AngularApi\Angular\devramp\dist\out-tsc\src\app\app-routing.module.js
D:\E Drive Backup\Task\AngularApi\Angular\devramp\dist\out-tsc\src\app\app-routing.module.js.map
D:\E Drive Backup\Task\AngularApi\Angular\devramp\dist\out-tsc\src\app\app.component.js
D:\E Drive Backup\Task\AngularApi\Angular\devramp\dist\out-tsc\src\app\app.component.js.map
D:\E Drive Backup\Task\AngularApi\Angular\devramp\dist\out-tsc\src\app\auth\auth.interceptor.js
D:\E Drive Backup\Task\AngularApi\Angular\devramp\dist\out-tsc\src\app\auth\auth.interceptor.js.map
D:\E Drive Backup\Task\AngularApi\Angular\devramp\dist\out-tsc\src\app\unit-details\unit-detail-list\unit-detail-list.component.js
D:\E Drive Backup\Task\AngularApi\Angular\devramp\dist\out-tsc\src\app\unit-details\unit-detail-list\unit-detail-list.component.js.map
D:\E Drive Backup\Task\AngularApi\Angular\devramp\dist\out-tsc\src\app\department-details\department-detail-list\department-detail-list.component.js
D:\E Drive Backup\Task\AngularApi\Angular\devramp\dist\out-tsc\src\app\department-details\department-detail-list\department-detail-list.component.js.map
D:\E Drive Backup\Task\AngularApi\Angular\devramp\dist\out-tsc\src\app\staff-details\staff-detail-list\staff-detail-list.component.js
D:\E Drive Backup\Task\AngularApi\Angular\devramp\dist\out-tsc\src\app\staff-details\staff-detail-list\staff-detail-list.component.js.map
D:\E Drive Backup\Task\AngularApi\Angular\devramp\dist\out-tsc\src\app\app.module.js
D:\E Drive Backup\Task\AngularApi\Angular\devramp\dist\out-tsc\src\app\app.module.js.map
D:\E Drive Backup\Task\AngularApi\Angular\devramp\dist\out-tsc\src\environments\environment.js
D:\E Drive Backup\Task\AngularApi\Angular\devramp\dist\out-tsc\src\environments\environment.js.map
D:\E Drive Backup\Task\AngularApi\Angular\devramp\dist\out-tsc\src\main.js
D:\E Drive Backup\Task\AngularApi\Angular\devramp\dist\out-tsc\src\main.js.map
D:\E Drive Backup\Task\AngularApi\Angular\devramp\dist\out-tsc\src\polyfills.js
D:\E Drive Backup\Task\AngularApi\Angular\devramp\dist\out-tsc\src\polyfills.js.map
D:\E Drive Backup\Task\AngularApi\Angular\devramp\dist\out-tsc\src\test.js
D:\E Drive Backup\Task\AngularApi\Angular\devramp\dist\out-tsc\src\test.js.map
D:\E Drive Backup\Task\AngularApi\Angular\devramp\dist\out-tsc\src\app\app.component.spec.js
D:\E Drive Backup\Task\AngularApi\Angular\devramp\dist\out-tsc\src\app\app.component.spec.js.map
D:\E Drive Backup\Task\AngularApi\Angular\devramp\dist\out-tsc\src\app\admin-panel\admin-panel.component.spec.js
D:\E Drive Backup\Task\AngularApi\Angular\devramp\dist\out-tsc\src\app\admin-panel\admin-panel.component.spec.js.map
D:\E Drive Backup\Task\AngularApi\Angular\devramp\dist\out-tsc\src\app\auth\auth.guard.spec.js
D:\E Drive Backup\Task\AngularApi\Angular\devramp\dist\out-tsc\src\app\auth\auth.guard.spec.js.map
D:\E Drive Backup\Task\AngularApi\Angular\devramp\dist\out-tsc\src\app\forbidden\forbidden.component.spec.js
D:\E Drive Backup\Task\AngularApi\Angular\devramp\dist\out-tsc\src\app\forbidden\forbidden.component.spec.js.map
D:\E Drive Backup\Task\AngularApi\Angular\devramp\dist\out-tsc\src\app\home\home.component.spec.js
D:\E Drive Backup\Task\AngularApi\Angular\devramp\dist\out-tsc\src\app\home\home.component.spec.js.map
D:\E Drive Backup\Task\AngularApi\Angular\devramp\dist\out-tsc\src\app\shared\item-detail.model.js
D:\E Drive Backup\Task\AngularApi\Angular\devramp\dist\out-tsc\src\app\shared\item-detail.model.js.map
D:\E Drive Backup\Task\AngularApi\Angular\devramp\dist\out-tsc\src\app\shared\item-detail.model.spec.js
D:\E Drive Backup\Task\AngularApi\Angular\devramp\dist\out-tsc\src\app\shared\item-detail.model.spec.js.map
D:\E Drive Backup\Task\AngularApi\Angular\devramp\dist\out-tsc\src\app\shared\item-detail.service.js
D:\E Drive Backup\Task\AngularApi\Angular\devramp\dist\out-tsc\src\app\shared\item-detail.service.js.map
D:\E Drive Backup\Task\AngularApi\Angular\devramp\dist\out-tsc\src\app\shared\movement-detail.model.js
D:\E Drive Backup\Task\AngularApi\Angular\devramp\dist\out-tsc\src\app\shared\movement-detail.model.js.map
D:\E Drive Backup\Task\AngularApi\Angular\devramp\dist\out-tsc\src\app\shared\movement-detail.service.js
D:\E Drive Backup\Task\AngularApi\Angular\devramp\dist\out-tsc\src\app\shared\movement-detail.service.js.map
D:\E Drive Backup\Task\AngularApi\Angular\devramp\dist\out-tsc\src\app\shared\putup-detail.model.js
D:\E Drive Backup\Task\AngularApi\Angular\devramp\dist\out-tsc\src\app\shared\putup-detail.model.js.map
D:\E Drive Backup\Task\AngularApi\Angular\devramp\dist\out-tsc\src\app\shared\putup-detail.service.js
D:\E Drive Backup\Task\AngularApi\Angular\devramp\dist\out-tsc\src\app\shared\putup-detail.service.js.map
D:\E Drive Backup\Task\AngularApi\Angular\devramp\dist\out-tsc\src\app\shared\user.model.js
D:\E Drive Backup\Task\AngularApi\Angular\devramp\dist\out-tsc\src\app\shared\user.model.js.map
D:\E Drive Backup\Task\AngularApi\Angular\devramp\dist\out-tsc\src\app\shared\user.model.spec.js
D:\E Drive Backup\Task\AngularApi\Angular\devramp\dist\out-tsc\src\app\shared\user.model.spec.js.map
D:\E Drive Backup\Task\AngularApi\Angular\devramp\dist\out-tsc\src\app\shared\user.service.spec.js
D:\E Drive Backup\Task\AngularApi\Angular\devramp\dist\out-tsc\src\app\shared\user.service.spec.js.map
D:\E Drive Backup\Task\AngularApi\Angular\devramp\dist\out-tsc\src\environments\environment.prod.js
D:\E Drive Backup\Task\AngularApi\Angular\devramp\dist\out-tsc\src\environments\environment.prod.js.map
